<?xml version="1.0" encoding="UTF-8"?>
<!-- Generated by org.testng.reporters.JUnitReportReporter -->
<testsuite skipped="0" hostname="ADITLT22-THINK" name="PHPTravels.SearchFlight" tests="1" failures="0" timestamp="09 Oct 2018 00:27:41 GMT" time="169.914" errors="0">
  <testcase name="searchFlight" time="169.914" classname="PHPTravels.SearchFlight"/>
</testsuite> <!-- PHPTravels.SearchFlight -->
