<?xml version="1.0" encoding="UTF-8"?>
<!-- Generated by org.testng.reporters.JUnitReportReporter -->
<testsuite skipped="0" hostname="ADITLT22-THINK" name="PHPTravels.Search" tests="1" failures="0" timestamp="05 Oct 2018 06:35:54 GMT" time="252.429" errors="0">
  <testcase name="searchFlight" time="252.429" classname="PHPTravels.Search"/>
</testsuite> <!-- PHPTravels.Search -->
