<?xml version="1.0" encoding="UTF-8"?>
<!-- Generated by org.testng.reporters.JUnitReportReporter -->
<testsuite skipped="0" hostname="ADITLT22-THINK" name="PHPTravels.SearchHotel" tests="1" failures="0" timestamp="08 Oct 2018 02:02:34 GMT" time="195.744" errors="0">
  <testcase name="searchHotel" time="195.744" classname="PHPTravels.SearchHotel"/>
</testsuite> <!-- PHPTravels.SearchHotel -->
